Watching for changes before compiling ClojureScript...
Compiling "resources/public/scripts/main.js" from ["src-cljs"]...
[32mSuccessfully compiled "resources/public/scripts/main.js" in 15.33 seconds.[0m
Compiling "resources/public/scripts/main.js" from ["src-cljs"]...
[31mCompiling "resources/public/scripts/main.js" failed.[0m
[31mclojure.lang.ExceptionInfo: [39m[31mfailed compiling file:src-cljs/directives/directions_directive.cljs[39m
[35m               core.clj:4617 clojure.core/ex-info[39m
[35m               core.clj:4617 clojure.core/ex-info[39m
[34m          compiler.cljc:1369 cljs.compiler$compile_file$fn__3313.invoke[39m
[34m          compiler.cljc:1336 cljs.compiler$compile_file.invokeStatic[39m
[34m          compiler.cljc:1316 cljs.compiler$compile_file.invoke[39m
[32m             closure.clj:437 cljs.closure/compile-file[39m
[32m             closure.clj:428 cljs.closure/compile-file[39m
[32m             closure.clj:504 cljs.closure/eval5024[fn][39m
[32m             closure.clj:394 cljs.closure/eval4960[fn][39m
[32m             closure.clj:827 cljs.closure/compile-sources[fn][39m
[36m             LazySeq.java:40 clojure.lang.LazySeq.sval[39m
[36m             LazySeq.java:49 clojure.lang.LazySeq.seq[39m
[36m                Cons.java:39 clojure.lang.Cons.next[39m
[36m                 RT.java:688 clojure.lang.RT.next[39m
[35m                 core.clj:64 clojure.core/next[39m
[35m               core.clj:3033 clojure.core/dorun[39m
[35m               core.clj:3039 clojure.core/doall[39m
[35m               core.clj:3039 clojure.core/doall[39m
[32m             closure.clj:823 cljs.closure/compile-sources[39m
[32m             closure.clj:812 cljs.closure/compile-sources[39m
[32m            closure.clj:1895 cljs.closure/build[39m
[32m            closure.clj:1837 cljs.closure/build[39m
[32m                 api.clj:207 cljs.build.api/build[39m
[32m                 api.clj:198 cljs.build.api/build[39m
[32m                 api.clj:201 cljs.build.api/build[39m
[32m                 api.clj:198 cljs.build.api/build[39m
[32m             compiler.clj:60 cljsbuild.compiler/compile-cljs[fn][39m
[32m             compiler.clj:59 cljsbuild.compiler/compile-cljs[39m
[32m             compiler.clj:48 cljsbuild.compiler/compile-cljs[39m
[32m            compiler.clj:168 cljsbuild.compiler/run-compiler[39m
[32m            compiler.clj:122 cljsbuild.compiler/run-compiler[39m
[33mform-init6248139139759258229.clj:1 user/eval5775[fn][39m
[33mform-init6248139139759258229.clj:1 user/eval5775[fn][39m
[36m             LazySeq.java:40 clojure.lang.LazySeq.sval[39m
[36m             LazySeq.java:49 clojure.lang.LazySeq.seq[39m
[36m                 RT.java:521 clojure.lang.RT.seq[39m
[35m                core.clj:137 clojure.core/seq[39m
[35m               core.clj:3024 clojure.core/dorun[39m
[35m               core.clj:3039 clojure.core/doall[39m
[35m               core.clj:3039 clojure.core/doall[39m
[33mform-init6248139139759258229.clj:1 user/eval5775[39m
[33mform-init6248139139759258229.clj:1 user/eval5775[39m
[36m          Compiler.java:6927 clojure.lang.Compiler.eval[39m
[36m          Compiler.java:6917 clojure.lang.Compiler.eval[39m
[36m          Compiler.java:7379 clojure.lang.Compiler.load[39m
[36m          Compiler.java:7317 clojure.lang.Compiler.loadFile[39m
[35m                main.clj:275 clojure.main/load-script[39m
[35m                main.clj:277 clojure.main/init-opt[39m
[35m                main.clj:277 clojure.main/init-opt[39m
[35m                main.clj:308 clojure.main/initialize[39m
[35m                main.clj:342 clojure.main/null-opt[39m
[35m                main.clj:339 clojure.main/null-opt[39m
[35m                main.clj:421 clojure.main/main[39m
[35m                main.clj:384 clojure.main/main[39m
[36m             RestFn.java:421 clojure.lang.RestFn.invoke[39m
[36m                Var.java:383 clojure.lang.Var.invoke[39m
[36m                AFn.java:156 clojure.lang.AFn.applyToHelper[39m
[36m                Var.java:700 clojure.lang.Var.applyTo[39m
[36m                main.java:37 clojure.main.main[39m
[31mCaused by: [39m[31mclojure.lang.ExceptionInfo: [39m[31mCan't recur here at line 11 src-cljs/directives/directions_directive.cljs[39m
[35m               core.clj:4617 clojure.core/ex-info[39m
[35m               core.clj:4617 clojure.core/ex-info[39m
[34m           analyzer.cljc:576 cljs.analyzer$error.invokeStatic[39m
[34m           analyzer.cljc:572 cljs.analyzer$error.invoke[39m
[34m           analyzer.cljc:574 cljs.analyzer$error.invokeStatic[39m
[34m           analyzer.cljc:572 cljs.analyzer$error.invoke[39m
[34m          analyzer.cljc:1531 cljs.analyzer$eval1602$fn__1604.invoke[39m
[36m            MultiFn.java:251 clojure.lang.MultiFn.invoke[39m
[34m          analyzer.cljc:2410 cljs.analyzer$analyze_seq_STAR_.invokeStatic[39m
[34m          analyzer.cljc:2408 cljs.analyzer$analyze_seq_STAR_.invoke[39m
[34m          analyzer.cljc:2415 cljs.analyzer$analyze_seq_STAR__wrap.invokeStatic[39m
[34m          analyzer.cljc:2413 cljs.analyzer$analyze_seq_STAR__wrap.invoke[39m
[34m          analyzer.cljc:2436 cljs.analyzer$analyze_seq.invokeStatic[39m
[34m          analyzer.cljc:2417 cljs.analyzer$analyze_seq.invoke[39m
[34m          analyzer.cljc:2549 cljs.analyzer$analyze_form.invokeStatic[39m
[34m          analyzer.cljc:2545 cljs.analyzer$analyze_form.invoke[39m
[34m          analyzer.cljc:2596 cljs.analyzer$analyze_STAR_.invokeStatic[39m
[34m          analyzer.cljc:2587 cljs.analyzer$analyze_STAR_.invoke[39m
[34m          analyzer.cljc:2612 cljs.analyzer$analyze.invokeStatic[39m
[34m          analyzer.cljc:2599 cljs.analyzer$analyze.invoke[39m
[34m          analyzer.cljc:2607 cljs.analyzer$analyze.invokeStatic[39m
[34m          analyzer.cljc:2599 cljs.analyzer$analyze.invoke[39m
[34m          analyzer.cljc:2606 cljs.analyzer$analyze.invokeStatic[39m
[34m          analyzer.cljc:2599 cljs.analyzer$analyze.invoke[39m
[34m          analyzer.cljc:2092 cljs.analyzer$analyze_dot.invokeStatic[39m
[34m          analyzer.cljc:2088 cljs.analyzer$analyze_dot.invoke[39m
[34m          analyzer.cljc:2117 cljs.analyzer$eval1881$fn__1883.invoke[39m
[36m            MultiFn.java:251 clojure.lang.MultiFn.invoke[39m
[34m          analyzer.cljc:2410 cljs.analyzer$analyze_seq_STAR_.invokeStatic[39m
[34m          analyzer.cljc:2408 cljs.analyzer$analyze_seq_STAR_.invoke[39m
[34m          analyzer.cljc:2415 cljs.analyzer$analyze_seq_STAR__wrap.invokeStatic[39m
[34m          analyzer.cljc:2413 cljs.analyzer$analyze_seq_STAR__wrap.invoke[39m
[34m          analyzer.cljc:2436 cljs.analyzer$analyze_seq.invokeStatic[39m
[34m          analyzer.cljc:2417 cljs.analyzer$analyze_seq.invoke[39m
[34m          analyzer.cljc:2549 cljs.analyzer$analyze_form.invokeStatic[39m
[34m          analyzer.cljc:2545 cljs.analyzer$analyze_form.invoke[39m
[34m          analyzer.cljc:2596 cljs.analyzer$analyze_STAR_.invokeStatic[39m
[34m          analyzer.cljc:2587 cljs.analyzer$analyze_STAR_.invoke[39m
[34m          analyzer.cljc:2612 cljs.analyzer$analyze.invokeStatic[39m
[34m          analyzer.cljc:2599 cljs.analyzer$analyze.invoke[39m
[34m          analyzer.cljc:2437 cljs.analyzer$analyze_seq.invokeStatic[39m
[34m          analyzer.cljc:2417 cljs.analyzer$analyze_seq.invoke[39m
[34m          analyzer.cljc:2549 cljs.analyzer$analyze_form.invokeStatic[39m
[34m          analyzer.cljc:2545 cljs.analyzer$analyze_form.invoke[39m
[34m          analyzer.cljc:2596 cljs.analyzer$analyze_STAR_.invokeStatic[39m
[34m          analyzer.cljc:2587 cljs.analyzer$analyze_STAR_.invoke[39m
[34m          analyzer.cljc:2612 cljs.analyzer$analyze.invokeStatic[39m
[34m          analyzer.cljc:2599 cljs.analyzer$analyze.invoke[39m
[34m          analyzer.cljc:2607 cljs.analyzer$analyze.invokeStatic[39m
[34m          analyzer.cljc:2599 cljs.analyzer$analyze.invoke[39m
[34m          analyzer.cljc:2606 cljs.analyzer$analyze.invokeStatic[39m
[34m          analyzer.cljc:2599 cljs.analyzer$analyze.invoke[39m
[34m           analyzer.cljc:974 cljs.analyzer$eval1416$fn__1418$fn__1424.invoke[39m
[34m           analyzer.cljc:974 cljs.analyzer$eval1416$fn__1418.invoke[39m
[36m            MultiFn.java:251 clojure.lang.MultiFn.invoke[39m
[34m          analyzer.cljc:2410 cljs.analyzer$analyze_seq_STAR_.invokeStatic[39m
[34m          analyzer.cljc:2408 cljs.analyzer$analyze_seq_STAR_.invoke[39m
[34m          analyzer.cljc:2415 cljs.analyzer$analyze_seq_STAR__wrap.invokeStatic[39m
[34m          analyzer.cljc:2413 cljs.analyzer$analyze_seq_STAR__wrap.invoke[39m
[34m          analyzer.cljc:2436 cljs.analyzer$analyze_seq.invokeStatic[39m
[34m          analyzer.cljc:2417 cljs.analyzer$analyze_seq.invoke[39m
[34m          analyzer.cljc:2549 cljs.analyzer$analyze_form.invokeStatic[39m
[34m          analyzer.cljc:2545 cljs.analyzer$analyze_form.invoke[39m
[34m          analyzer.cljc:2596 cljs.analyzer$analyze_STAR_.invokeStatic[39m
[34m          analyzer.cljc:2587 cljs.analyzer$analyze_STAR_.invoke[39m
[34m          analyzer.cljc:2612 cljs.analyzer$analyze.invokeStatic[39m
[34m          analyzer.cljc:2599 cljs.analyzer$analyze.invoke[39m
[34m          analyzer.cljc:2607 cljs.analyzer$analyze.invokeStatic[39m
[34m          analyzer.cljc:2599 cljs.analyzer$analyze.invoke[39m
[34m          analyzer.cljc:2606 cljs.analyzer$analyze.invokeStatic[39m
[34m          analyzer.cljc:2599 cljs.analyzer$analyze.invoke[39m
[34m          analyzer.cljc:1409 cljs.analyzer$eval1574$fn__1576.invoke[39m
[36m            MultiFn.java:251 clojure.lang.MultiFn.invoke[39m
[34m          analyzer.cljc:2410 cljs.analyzer$analyze_seq_STAR_.invokeStatic[39m
[34m          analyzer.cljc:2408 cljs.analyzer$analyze_seq_STAR_.invoke[39m
[34m          analyzer.cljc:2415 cljs.analyzer$analyze_seq_STAR__wrap.invokeStatic[39m
[34m          analyzer.cljc:2413 cljs.analyzer$analyze_seq_STAR__wrap.invoke[39m
[34m          analyzer.cljc:2436 cljs.analyzer$analyze_seq.invokeStatic[39m
[34m          analyzer.cljc:2417 cljs.analyzer$analyze_seq.invoke[39m
[34m          analyzer.cljc:2549 cljs.analyzer$analyze_form.invokeStatic[39m
[34m          analyzer.cljc:2545 cljs.analyzer$analyze_form.invoke[39m
[34m          analyzer.cljc:2596 cljs.analyzer$analyze_STAR_.invokeStatic[39m
[34m          analyzer.cljc:2587 cljs.analyzer$analyze_STAR_.invoke[39m
[34m          analyzer.cljc:2612 cljs.analyzer$analyze.invokeStatic[39m
[34m          analyzer.cljc:2599 cljs.analyzer$analyze.invoke[39m
[34m          analyzer.cljc:2607 cljs.analyzer$analyze.invokeStatic[39m
[34m          analyzer.cljc:2599 cljs.analyzer$analyze.invoke[39m
[34m          analyzer.cljc:2606 cljs.analyzer$analyze.invokeStatic[39m
[34m          analyzer.cljc:2599 cljs.analyzer$analyze.invoke[39m
[34m          analyzer.cljc:1486 cljs.analyzer$analyze_let_body_STAR_.invokeStatic[39m
[34m          analyzer.cljc:1485 cljs.analyzer$analyze_let_body_STAR_.invoke[39m
[34m          analyzer.cljc:1491 cljs.analyzer$analyze_let_body.invokeStatic[39m
[34m          analyzer.cljc:1488 cljs.analyzer$analyze_let_body.invoke[39m
[34m          analyzer.cljc:1507 cljs.analyzer$analyze_let.invokeStatic[39m
[34m          analyzer.cljc:1493 cljs.analyzer$analyze_let.invoke[39m
[34m          analyzer.cljc:1519 cljs.analyzer$eval1593$fn__1594.invoke[39m
[36m            MultiFn.java:251 clojure.lang.MultiFn.invoke[39m
[34m          analyzer.cljc:2410 cljs.analyzer$analyze_seq_STAR_.invokeStatic[39m
[34m          analyzer.cljc:2408 cljs.analyzer$analyze_seq_STAR_.invoke[39m
[34m          analyzer.cljc:2415 cljs.analyzer$analyze_seq_STAR__wrap.invokeStatic[39m
[34m          analyzer.cljc:2413 cljs.analyzer$analyze_seq_STAR__wrap.invoke[39m
[34m          analyzer.cljc:2436 cljs.analyzer$analyze_seq.invokeStatic[39m
[34m          analyzer.cljc:2417 cljs.analyzer$analyze_seq.invoke[39m
[34m          analyzer.cljc:2549 cljs.analyzer$analyze_form.invokeStatic[39m
[34m          analyzer.cljc:2545 cljs.analyzer$analyze_form.invoke[39m
[34m          analyzer.cljc:2596 cljs.analyzer$analyze_STAR_.invokeStatic[39m
[34m          analyzer.cljc:2587 cljs.analyzer$analyze_STAR_.invoke[39m
[34m          analyzer.cljc:2612 cljs.analyzer$analyze.invokeStatic[39m
[34m          analyzer.cljc:2599 cljs.analyzer$analyze.invoke[39m
[34m          analyzer.cljc:2437 cljs.analyzer$analyze_seq.invokeStatic[39m
[34m          analyzer.cljc:2417 cljs.analyzer$analyze_seq.invoke[39m
[34m          analyzer.cljc:2549 cljs.analyzer$analyze_form.invokeStatic[39m
[34m          analyzer.cljc:2545 cljs.analyzer$analyze_form.invoke[39m
[34m          analyzer.cljc:2596 cljs.analyzer$analyze_STAR_.invokeStatic[39m
[34m          analyzer.cljc:2587 cljs.analyzer$analyze_STAR_.invoke[39m
[34m          analyzer.cljc:2612 cljs.analyzer$analyze.invokeStatic[39m
[34m          analyzer.cljc:2599 cljs.analyzer$analyze.invoke[39m
[34m          analyzer.cljc:2607 cljs.analyzer$analyze.invokeStatic[39m
[34m          analyzer.cljc:2599 cljs.analyzer$analyze.invoke[39m
[34m          analyzer.cljc:2606 cljs.analyzer$analyze.invokeStatic[39m
[34m          analyzer.cljc:2599 cljs.analyzer$analyze.invoke[39m
[34m          analyzer.cljc:1409 cljs.analyzer$eval1574$fn__1576.invoke[39m
[36m            MultiFn.java:251 clojure.lang.MultiFn.invoke[39m
[34m          analyzer.cljc:2410 cljs.analyzer$analyze_seq_STAR_.invokeStatic[39m
[34m          analyzer.cljc:2408 cljs.analyzer$analyze_seq_STAR_.invoke[39m
[34m          analyzer.cljc:2415 cljs.analyzer$analyze_seq_STAR__wrap.invokeStatic[39m
[34m          analyzer.cljc:2413 cljs.analyzer$analyze_seq_STAR__wrap.invoke[39m
[34m          analyzer.cljc:2436 cljs.analyzer$analyze_seq.invokeStatic[39m
[34m          analyzer.cljc:2417 cljs.analyzer$analyze_seq.invoke[39m
[34m          analyzer.cljc:2549 cljs.analyzer$analyze_form.invokeStatic[39m
[34m          analyzer.cljc:2545 cljs.analyzer$analyze_form.invoke[39m
[34m          analyzer.cljc:2596 cljs.analyzer$analyze_STAR_.invokeStatic[39m
[34m          analyzer.cljc:2587 cljs.analyzer$analyze_STAR_.invoke[39m
[34m          analyzer.cljc:2612 cljs.analyzer$analyze.invokeStatic[39m
[34m          analyzer.cljc:2599 cljs.analyzer$analyze.invoke[39m
[34m          analyzer.cljc:2607 cljs.analyzer$analyze.invokeStatic[39m
[34m          analyzer.cljc:2599 cljs.analyzer$analyze.invoke[39m
[34m          analyzer.cljc:2606 cljs.analyzer$analyze.invokeStatic[39m
[34m          analyzer.cljc:2599 cljs.analyzer$analyze.invoke[39m
[34m          analyzer.cljc:1486 cljs.analyzer$analyze_let_body_STAR_.invokeStatic[39m
[34m          analyzer.cljc:1485 cljs.analyzer$analyze_let_body_STAR_.invoke[39m
[34m          analyzer.cljc:1491 cljs.analyzer$analyze_let_body.invokeStatic[39m
[34m          analyzer.cljc:1488 cljs.analyzer$analyze_let_body.invoke[39m
[34m          analyzer.cljc:1507 cljs.analyzer$analyze_let.invokeStatic[39m
[34m          analyzer.cljc:1493 cljs.analyzer$analyze_let.invoke[39m
[34m          analyzer.cljc:1523 cljs.analyzer$eval1597$fn__1598.invoke[39m
[36m            MultiFn.java:251 clojure.lang.MultiFn.invoke[39m
[34m          analyzer.cljc:2410 cljs.analyzer$analyze_seq_STAR_.invokeStatic[39m
[34m          analyzer.cljc:2408 cljs.analyzer$analyze_seq_STAR_.invoke[39m
[34m          analyzer.cljc:2415 cljs.analyzer$analyze_seq_STAR__wrap.invokeStatic[39m
[34m          analyzer.cljc:2413 cljs.analyzer$analyze_seq_STAR__wrap.invoke[39m
[34m          analyzer.cljc:2436 cljs.analyzer$analyze_seq.invokeStatic[39m
[34m          analyzer.cljc:2417 cljs.analyzer$analyze_seq.invoke[39m
[34m          analyzer.cljc:2549 cljs.analyzer$analyze_form.invokeStatic[39m
[34m          analyzer.cljc:2545 cljs.analyzer$analyze_form.invoke[39m
[34m          analyzer.cljc:2596 cljs.analyzer$analyze_STAR_.invokeStatic[39m
[34m          analyzer.cljc:2587 cljs.analyzer$analyze_STAR_.invoke[39m
[34m          analyzer.cljc:2612 cljs.analyzer$analyze.invokeStatic[39m
[34m          analyzer.cljc:2599 cljs.analyzer$analyze.invoke[39m
[34m          analyzer.cljc:2607 cljs.analyzer$analyze.invokeStatic[39m
[34m          analyzer.cljc:2599 cljs.analyzer$analyze.invoke[39m
[34m          analyzer.cljc:2606 cljs.analyzer$analyze.invokeStatic[39m
[34m          analyzer.cljc:2599 cljs.analyzer$analyze.invoke[39m
[34m          analyzer.cljc:1409 cljs.analyzer$eval1574$fn__1576.invoke[39m
[36m            MultiFn.java:251 clojure.lang.MultiFn.invoke[39m
[34m          analyzer.cljc:2410 cljs.analyzer$analyze_seq_STAR_.invokeStatic[39m
[34m          analyzer.cljc:2408 cljs.analyzer$analyze_seq_STAR_.invoke[39m
[34m          analyzer.cljc:2415 cljs.analyzer$analyze_seq_STAR__wrap.invokeStatic[39m
[34m          analyzer.cljc:2413 cljs.analyzer$analyze_seq_STAR__wrap.invoke[39m
[34m          analyzer.cljc:2436 cljs.analyzer$analyze_seq.invokeStatic[39m
[34m          analyzer.cljc:2417 cljs.analyzer$analyze_seq.invoke[39m
[34m          analyzer.cljc:2549 cljs.analyzer$analyze_form.invokeStatic[39m
[34m          analyzer.cljc:2545 cljs.analyzer$analyze_form.invoke[39m
[34m          analyzer.cljc:2596 cljs.analyzer$analyze_STAR_.invokeStatic[39m
[34m          analyzer.cljc:2587 cljs.analyzer$analyze_STAR_.invoke[39m
[34m          analyzer.cljc:2612 cljs.analyzer$analyze.invokeStatic[39m
[34m          analyzer.cljc:2599 cljs.analyzer$analyze.invoke[39m
[34m          analyzer.cljc:2607 cljs.analyzer$analyze.invokeStatic[39m
[34m          analyzer.cljc:2599 cljs.analyzer$analyze.invoke[39m
[34m          analyzer.cljc:2606 cljs.analyzer$analyze.invokeStatic[39m
[34m          analyzer.cljc:2599 cljs.analyzer$analyze.invoke[39m
[34m          analyzer.cljc:1486 cljs.analyzer$analyze_let_body_STAR_.invokeStatic[39m
[34m          analyzer.cljc:1485 cljs.analyzer$analyze_let_body_STAR_.invoke[39m
[34m          analyzer.cljc:1491 cljs.analyzer$analyze_let_body.invokeStatic[39m
[34m          analyzer.cljc:1488 cljs.analyzer$analyze_let_body.invoke[39m
[34m          analyzer.cljc:1507 cljs.analyzer$analyze_let.invokeStatic[39m
[34m          analyzer.cljc:1493 cljs.analyzer$analyze_let.invoke[39m
[34m          analyzer.cljc:1519 cljs.analyzer$eval1593$fn__1594.invoke[39m
[36m            MultiFn.java:251 clojure.lang.MultiFn.invoke[39m
[34m          analyzer.cljc:2410 cljs.analyzer$analyze_seq_STAR_.invokeStatic[39m
[34m          analyzer.cljc:2408 cljs.analyzer$analyze_seq_STAR_.invoke[39m
[34m          analyzer.cljc:2415 cljs.analyzer$analyze_seq_STAR__wrap.invokeStatic[39m
[34m          analyzer.cljc:2413 cljs.analyzer$analyze_seq_STAR__wrap.invoke[39m
[34m          analyzer.cljc:2436 cljs.analyzer$analyze_seq.invokeStatic[39m
[34m          analyzer.cljc:2417 cljs.analyzer$analyze_seq.invoke[39m
[34m          analyzer.cljc:2549 cljs.analyzer$analyze_form.invokeStatic[39m
[34m          analyzer.cljc:2545 cljs.analyzer$analyze_form.invoke[39m
[34m          analyzer.cljc:2596 cljs.analyzer$analyze_STAR_.invokeStatic[39m
[34m          analyzer.cljc:2587 cljs.analyzer$analyze_STAR_.invoke[39m
[34m          analyzer.cljc:2612 cljs.analyzer$analyze.invokeStatic[39m
[34m          analyzer.cljc:2599 cljs.analyzer$analyze.invoke[39m
[34m          analyzer.cljc:2437 cljs.analyzer$analyze_seq.invokeStatic[39m
[34m          analyzer.cljc:2417 cljs.analyzer$analyze_seq.invoke[39m
[34m          analyzer.cljc:2549 cljs.analyzer$analyze_form.invokeStatic[39m
[34m          analyzer.cljc:2545 cljs.analyzer$analyze_form.invoke[39m
[34m          analyzer.cljc:2596 cljs.analyzer$analyze_STAR_.invokeStatic[39m
[34m          analyzer.cljc:2587 cljs.analyzer$analyze_STAR_.invoke[39m
[34m          analyzer.cljc:2612 cljs.analyzer$analyze.invokeStatic[39m
[34m          analyzer.cljc:2599 cljs.analyzer$analyze.invoke[39m
[34m          analyzer.cljc:2437 cljs.analyzer$analyze_seq.invokeStatic[39m
[34m          analyzer.cljc:2417 cljs.analyzer$analyze_seq.invoke[39m
[34m          analyzer.cljc:2549 cljs.analyzer$analyze_form.invokeStatic[39m
[34m          analyzer.cljc:2545 cljs.analyzer$analyze_form.invoke[39m
[34m          analyzer.cljc:2596 cljs.analyzer$analyze_STAR_.invokeStatic[39m
[34m          analyzer.cljc:2587 cljs.analyzer$analyze_STAR_.invoke[39m
[34m          analyzer.cljc:2612 cljs.analyzer$analyze.invokeStatic[39m
[34m          analyzer.cljc:2599 cljs.analyzer$analyze.invoke[39m
[34m          analyzer.cljc:2607 cljs.analyzer$analyze.invokeStatic[39m
[34m          analyzer.cljc:2599 cljs.analyzer$analyze.invoke[39m
[34m          analyzer.cljc:2606 cljs.analyzer$analyze.invokeStatic[39m
[34m          analyzer.cljc:2599 cljs.analyzer$analyze.invoke[39m
[34m          analyzer.cljc:1409 cljs.analyzer$eval1574$fn__1576.invoke[39m
[36m            MultiFn.java:251 clojure.lang.MultiFn.invoke[39m
[34m          analyzer.cljc:2410 cljs.analyzer$analyze_seq_STAR_.invokeStatic[39m
[34m          analyzer.cljc:2408 cljs.analyzer$analyze_seq_STAR_.invoke[39m
[34m          analyzer.cljc:2415 cljs.analyzer$analyze_seq_STAR__wrap.invokeStatic[39m
[34m          analyzer.cljc:2413 cljs.analyzer$analyze_seq_STAR__wrap.invoke[39m
[34m          analyzer.cljc:2436 cljs.analyzer$analyze_seq.invokeStatic[39m
[34m          analyzer.cljc:2417 cljs.analyzer$analyze_seq.invoke[39m
[34m          analyzer.cljc:2549 cljs.analyzer$analyze_form.invokeStatic[39m
[34m          analyzer.cljc:2545 cljs.analyzer$analyze_form.invoke[39m
[34m          analyzer.cljc:2596 cljs.analyzer$analyze_STAR_.invokeStatic[39m
[34m          analyzer.cljc:2587 cljs.analyzer$analyze_STAR_.invoke[39m
[34m          analyzer.cljc:2612 cljs.analyzer$analyze.invokeStatic[39m
[34m          analyzer.cljc:2599 cljs.analyzer$analyze.invoke[39m
[34m          analyzer.cljc:2607 cljs.analyzer$analyze.invokeStatic[39m
[34m          analyzer.cljc:2599 cljs.analyzer$analyze.invoke[39m
[34m          analyzer.cljc:2606 cljs.analyzer$analyze.invokeStatic[39m
[34m          analyzer.cljc:2599 cljs.analyzer$analyze.invoke[39m
[34m          analyzer.cljc:1486 cljs.analyzer$analyze_let_body_STAR_.invokeStatic[39m
[34m          analyzer.cljc:1485 cljs.analyzer$analyze_let_body_STAR_.invoke[39m
[34m          analyzer.cljc:1491 cljs.analyzer$analyze_let_body.invokeStatic[39m
[34m          analyzer.cljc:1488 cljs.analyzer$analyze_let_body.invoke[39m
[34m          analyzer.cljc:1507 cljs.analyzer$analyze_let.invokeStatic[39m
[34m          analyzer.cljc:1493 cljs.analyzer$analyze_let.invoke[39m
[34m          analyzer.cljc:1519 cljs.analyzer$eval1593$fn__1594.invoke[39m
[36m            MultiFn.java:251 clojure.lang.MultiFn.invoke[39m
[34m          analyzer.cljc:2410 cljs.analyzer$analyze_seq_STAR_.invokeStatic[39m
[34m          analyzer.cljc:2408 cljs.analyzer$analyze_seq_STAR_.invoke[39m
[34m          analyzer.cljc:2415 cljs.analyzer$analyze_seq_STAR__wrap.invokeStatic[39m
[34m          analyzer.cljc:2413 cljs.analyzer$analyze_seq_STAR__wrap.invoke[39m
[34m          analyzer.cljc:2436 cljs.analyzer$analyze_seq.invokeStatic[39m
[34m          analyzer.cljc:2417 cljs.analyzer$analyze_seq.invoke[39m
[34m          analyzer.cljc:2549 cljs.analyzer$analyze_form.invokeStatic[39m
[34m          analyzer.cljc:2545 cljs.analyzer$analyze_form.invoke[39m
[34m          analyzer.cljc:2596 cljs.analyzer$analyze_STAR_.invokeStatic[39m
[34m          analyzer.cljc:2587 cljs.analyzer$analyze_STAR_.invoke[39m
[34m          analyzer.cljc:2612 cljs.analyzer$analyze.invokeStatic[39m
[34m          analyzer.cljc:2599 cljs.analyzer$analyze.invoke[39m
[34m          analyzer.cljc:2437 cljs.analyzer$analyze_seq.invokeStatic[39m
[34m          analyzer.cljc:2417 cljs.analyzer$analyze_seq.invoke[39m
[34m          analyzer.cljc:2549 cljs.analyzer$analyze_form.invokeStatic[39m
[34m          analyzer.cljc:2545 cljs.analyzer$analyze_form.invoke[39m
[34m          analyzer.cljc:2596 cljs.analyzer$analyze_STAR_.invokeStatic[39m
[34m          analyzer.cljc:2587 cljs.analyzer$analyze_STAR_.invoke[39m
[34m          analyzer.cljc:2612 cljs.analyzer$analyze.invokeStatic[39m
[34m          analyzer.cljc:2599 cljs.analyzer$analyze.invoke[39m
[34m          analyzer.cljc:2607 cljs.analyzer$analyze.invokeStatic[39m
[34m          analyzer.cljc:2599 cljs.analyzer$analyze.invoke[39m
[34m          analyzer.cljc:2606 cljs.analyzer$analyze.invokeStatic[39m
[34m          analyzer.cljc:2599 cljs.analyzer$analyze.invoke[39m
[34m          analyzer.cljc:1409 cljs.analyzer$eval1574$fn__1576.invoke[39m
[36m            MultiFn.java:251 clojure.lang.MultiFn.invoke[39m
[34m          analyzer.cljc:2410 cljs.analyzer$analyze_seq_STAR_.invokeStatic[39m
[34m          analyzer.cljc:2408 cljs.analyzer$analyze_seq_STAR_.invoke[39m
[34m          analyzer.cljc:2415 cljs.analyzer$analyze_seq_STAR__wrap.invokeStatic[39m
[34m          analyzer.cljc:2413 cljs.analyzer$analyze_seq_STAR__wrap.invoke[39m
[34m          analyzer.cljc:2436 cljs.analyzer$analyze_seq.invokeStatic[39m
[34m          analyzer.cljc:2417 cljs.analyzer$analyze_seq.invoke[39m
[34m          analyzer.cljc:2549 cljs.analyzer$analyze_form.invokeStatic[39m
[34m          analyzer.cljc:2545 cljs.analyzer$analyze_form.invoke[39m
[34m          analyzer.cljc:2596 cljs.analyzer$analyze_STAR_.invokeStatic[39m
[34m          analyzer.cljc:2587 cljs.analyzer$analyze_STAR_.invoke[39m
[34m          analyzer.cljc:2612 cljs.analyzer$analyze.invokeStatic[39m
[34m          analyzer.cljc:2599 cljs.analyzer$analyze.invoke[39m
[34m          analyzer.cljc:2607 cljs.analyzer$analyze.invokeStatic[39m
[34m          analyzer.cljc:2599 cljs.analyzer$analyze.invoke[39m
[34m          analyzer.cljc:2606 cljs.analyzer$analyze.invokeStatic[39m
[34m          analyzer.cljc:2599 cljs.analyzer$analyze.invoke[39m
[34m          analyzer.cljc:1228 cljs.analyzer$analyze_fn_method_body.invokeStatic[39m
[34m          analyzer.cljc:1226 cljs.analyzer$analyze_fn_method_body.invoke[39m
[34m          analyzer.cljc:1246 cljs.analyzer$analyze_fn_method.invokeStatic[39m
[34m          analyzer.cljc:1230 cljs.analyzer$analyze_fn_method.invoke[39m
[34m          analyzer.cljc:1310 cljs.analyzer$eval1535$fn__1537$fn__1540.invoke[39m
[35m               core.clj:2646 clojure.core/map[fn][39m
[36m             LazySeq.java:40 clojure.lang.LazySeq.sval[39m
[36m             LazySeq.java:49 clojure.lang.LazySeq.seq[39m
[36m                 RT.java:521 clojure.lang.RT.seq[39m
[35m                core.clj:137 clojure.core/seq[39m
[35m               core.clj:2637 clojure.core/map[fn][39m
[36m             LazySeq.java:40 clojure.lang.LazySeq.sval[39m
[36m             LazySeq.java:49 clojure.lang.LazySeq.seq[39m
[36m                 RT.java:521 clojure.lang.RT.seq[39m
[35m                core.clj:137 clojure.core/seq[39m
[35m                core.clj:641 clojure.core/apply[39m
[35m                core.clj:641 clojure.core/apply[39m
[34m          analyzer.cljc:1311 cljs.analyzer$eval1535$fn__1537.invoke[39m
[36m            MultiFn.java:251 clojure.lang.MultiFn.invoke[39m
[34m          analyzer.cljc:2410 cljs.analyzer$analyze_seq_STAR_.invokeStatic[39m
[34m          analyzer.cljc:2408 cljs.analyzer$analyze_seq_STAR_.invoke[39m
[34m          analyzer.cljc:2415 cljs.analyzer$analyze_seq_STAR__wrap.invokeStatic[39m
[34m          analyzer.cljc:2413 cljs.analyzer$analyze_seq_STAR__wrap.invoke[39m
[34m          analyzer.cljc:2436 cljs.analyzer$analyze_seq.invokeStatic[39m
[34m          analyzer.cljc:2417 cljs.analyzer$analyze_seq.invoke[39m
[34m          analyzer.cljc:2549 cljs.analyzer$analyze_form.invokeStatic[39m
[34m          analyzer.cljc:2545 cljs.analyzer$analyze_form.invoke[39m
[34m          analyzer.cljc:2596 cljs.analyzer$analyze_STAR_.invokeStatic[39m
[34m          analyzer.cljc:2587 cljs.analyzer$analyze_STAR_.invoke[39m
[34m          analyzer.cljc:2612 cljs.analyzer$analyze.invokeStatic[39m
[34m          analyzer.cljc:2599 cljs.analyzer$analyze.invoke[39m
[34m          analyzer.cljc:2437 cljs.analyzer$analyze_seq.invokeStatic[39m
[34m          analyzer.cljc:2417 cljs.analyzer$analyze_seq.invoke[39m
[34m          analyzer.cljc:2549 cljs.analyzer$analyze_form.invokeStatic[39m
[34m          analyzer.cljc:2545 cljs.analyzer$analyze_form.invoke[39m
[34m          analyzer.cljc:2596 cljs.analyzer$analyze_STAR_.invokeStatic[39m
[34m          analyzer.cljc:2587 cljs.analyzer$analyze_STAR_.invoke[39m
[34m          analyzer.cljc:2612 cljs.analyzer$analyze.invokeStatic[39m
[34m          analyzer.cljc:2599 cljs.analyzer$analyze.invoke[39m
[34m          analyzer.cljc:2607 cljs.analyzer$analyze.invokeStatic[39m
[34m          analyzer.cljc:2599 cljs.analyzer$analyze.invoke[39m
[34m          analyzer.cljc:1121 cljs.analyzer$eval1488$fn__1489$fn__1492.invoke[39m
[34m          analyzer.cljc:1120 cljs.analyzer$eval1488$fn__1489.invoke[39m
[36m            MultiFn.java:251 clojure.lang.MultiFn.invoke[39m
[34m          analyzer.cljc:2410 cljs.analyzer$analyze_seq_STAR_.invokeStatic[39m
[34m          analyzer.cljc:2408 cljs.analyzer$analyze_seq_STAR_.invoke[39m
[34m          analyzer.cljc:2415 cljs.analyzer$analyze_seq_STAR__wrap.invokeStatic[39m
[34m          analyzer.cljc:2413 cljs.analyzer$analyze_seq_STAR__wrap.invoke[39m
[34m          analyzer.cljc:2436 cljs.analyzer$analyze_seq.invokeStatic[39m
[34m          analyzer.cljc:2417 cljs.analyzer$analyze_seq.invoke[39m
[34m          analyzer.cljc:2549 cljs.analyzer$analyze_form.invokeStatic[39m
[34m          analyzer.cljc:2545 cljs.analyzer$analyze_form.invoke[39m
[34m          analyzer.cljc:2596 cljs.analyzer$analyze_STAR_.invokeStatic[39m
[34m          analyzer.cljc:2587 cljs.analyzer$analyze_STAR_.invoke[39m
[34m          analyzer.cljc:2612 cljs.analyzer$analyze.invokeStatic[39m
[34m          analyzer.cljc:2599 cljs.analyzer$analyze.invoke[39m
[34m          analyzer.cljc:2437 cljs.analyzer$analyze_seq.invokeStatic[39m
[34m          analyzer.cljc:2417 cljs.analyzer$analyze_seq.invoke[39m
[34m          analyzer.cljc:2549 cljs.analyzer$analyze_form.invokeStatic[39m
[34m          analyzer.cljc:2545 cljs.analyzer$analyze_form.invoke[39m
[34m          analyzer.cljc:2596 cljs.analyzer$analyze_STAR_.invokeStatic[39m
[34m          analyzer.cljc:2587 cljs.analyzer$analyze_STAR_.invoke[39m
[34m          analyzer.cljc:2612 cljs.analyzer$analyze.invokeStatic[39m
[34m          analyzer.cljc:2599 cljs.analyzer$analyze.invoke[39m
[34m          analyzer.cljc:2607 cljs.analyzer$analyze.invokeStatic[39m
[34m          analyzer.cljc:2599 cljs.analyzer$analyze.invoke[39m
[34m          analyzer.cljc:2606 cljs.analyzer$analyze.invokeStatic[39m
[34m          analyzer.cljc:2599 cljs.analyzer$analyze.invoke[39m
[34m          analyzer.cljc:1400 cljs.analyzer$analyze_do_statements_STAR_$fn__1570.invoke[39m
[35m               core.clj:2644 clojure.core/map[fn][39m
[36m             LazySeq.java:40 clojure.lang.LazySeq.sval[39m
[36m             LazySeq.java:49 clojure.lang.LazySeq.seq[39m
[36m                 RT.java:521 clojure.lang.RT.seq[39m
[35m                core.clj:137 clojure.core/seq[39m
[35m                core.clj:137 clojure.core/seq[39m
[34m          analyzer.cljc:1400 cljs.analyzer$analyze_do_statements_STAR_.invokeStatic[39m
[34m          analyzer.cljc:1399 cljs.analyzer$analyze_do_statements_STAR_.invoke[39m
[34m          analyzer.cljc:1403 cljs.analyzer$analyze_do_statements.invokeStatic[39m
[34m          analyzer.cljc:1402 cljs.analyzer$analyze_do_statements.invoke[39m
[34m          analyzer.cljc:1407 cljs.analyzer$eval1574$fn__1576.invoke[39m
[36m            MultiFn.java:251 clojure.lang.MultiFn.invoke[39m
[34m          analyzer.cljc:2410 cljs.analyzer$analyze_seq_STAR_.invokeStatic[39m
[34m          analyzer.cljc:2408 cljs.analyzer$analyze_seq_STAR_.invoke[39m
[34m          analyzer.cljc:2415 cljs.analyzer$analyze_seq_STAR__wrap.invokeStatic[39m
[34m          analyzer.cljc:2413 cljs.analyzer$analyze_seq_STAR__wrap.invoke[39m
[34m          analyzer.cljc:2436 cljs.analyzer$analyze_seq.invokeStatic[39m
[34m          analyzer.cljc:2417 cljs.analyzer$analyze_seq.invoke[39m
[34m          analyzer.cljc:2549 cljs.analyzer$analyze_form.invokeStatic[39m
[34m          analyzer.cljc:2545 cljs.analyzer$analyze_form.invoke[39m
[34m          analyzer.cljc:2596 cljs.analyzer$analyze_STAR_.invokeStatic[39m
[34m          analyzer.cljc:2587 cljs.analyzer$analyze_STAR_.invoke[39m
[34m          analyzer.cljc:2612 cljs.analyzer$analyze.invokeStatic[39m
[34m          analyzer.cljc:2599 cljs.analyzer$analyze.invoke[39m
[34m          analyzer.cljc:2607 cljs.analyzer$analyze.invokeStatic[39m
[34m          analyzer.cljc:2599 cljs.analyzer$analyze.invoke[39m
[34m          analyzer.cljc:2606 cljs.analyzer$analyze.invokeStatic[39m
[34m          analyzer.cljc:2599 cljs.analyzer$analyze.invoke[39m
[34m          analyzer.cljc:1228 cljs.analyzer$analyze_fn_method_body.invokeStatic[39m
[34m          analyzer.cljc:1226 cljs.analyzer$analyze_fn_method_body.invoke[39m
[34m          analyzer.cljc:1246 cljs.analyzer$analyze_fn_method.invokeStatic[39m
[34m          analyzer.cljc:1230 cljs.analyzer$analyze_fn_method.invoke[39m
[34m          analyzer.cljc:1310 cljs.analyzer$eval1535$fn__1537$fn__1540.invoke[39m
[35m               core.clj:2646 clojure.core/map[fn][39m
[36m             LazySeq.java:40 clojure.lang.LazySeq.sval[39m
[36m             LazySeq.java:49 clojure.lang.LazySeq.seq[39m
[36m                 RT.java:521 clojure.lang.RT.seq[39m
[35m                core.clj:137 clojure.core/seq[39m
[35m               core.clj:2637 clojure.core/map[fn][39m
[36m             LazySeq.java:40 clojure.lang.LazySeq.sval[39m
[36m             LazySeq.java:49 clojure.lang.LazySeq.seq[39m
[36m                 RT.java:521 clojure.lang.RT.seq[39m
[35m                core.clj:137 clojure.core/seq[39m
[35m                core.clj:641 clojure.core/apply[39m
[35m                core.clj:641 clojure.core/apply[39m
[34m          analyzer.cljc:1311 cljs.analyzer$eval1535$fn__1537.invoke[39m
[36m            MultiFn.java:251 clojure.lang.MultiFn.invoke[39m
[34m          analyzer.cljc:2410 cljs.analyzer$analyze_seq_STAR_.invokeStatic[39m
[34m          analyzer.cljc:2408 cljs.analyzer$analyze_seq_STAR_.invoke[39m
[34m          analyzer.cljc:2415 cljs.analyzer$analyze_seq_STAR__wrap.invokeStatic[39m
[34m          analyzer.cljc:2413 cljs.analyzer$analyze_seq_STAR__wrap.invoke[39m
[34m          analyzer.cljc:2436 cljs.analyzer$analyze_seq.invokeStatic[39m
[34m          analyzer.cljc:2417 cljs.analyzer$analyze_seq.invoke[39m
[34m          analyzer.cljc:2549 cljs.analyzer$analyze_form.invokeStatic[39m
[34m          analyzer.cljc:2545 cljs.analyzer$analyze_form.invoke[39m
[34m          analyzer.cljc:2596 cljs.analyzer$analyze_STAR_.invokeStatic[39m
[34m          analyzer.cljc:2587 cljs.analyzer$analyze_STAR_.invoke[39m
[34m          analyzer.cljc:2612 cljs.analyzer$analyze.invokeStatic[39m
[34m          analyzer.cljc:2599 cljs.analyzer$analyze.invoke[39m
[34m          analyzer.cljc:2437 cljs.analyzer$analyze_seq.invokeStatic[39m
[34m          analyzer.cljc:2417 cljs.analyzer$analyze_seq.invoke[39m
[34m          analyzer.cljc:2549 cljs.analyzer$analyze_form.invokeStatic[39m
[34m          analyzer.cljc:2545 cljs.analyzer$analyze_form.invoke[39m
[34m          analyzer.cljc:2596 cljs.analyzer$analyze_STAR_.invokeStatic[39m
[34m          analyzer.cljc:2587 cljs.analyzer$analyze_STAR_.invoke[39m
[34m          analyzer.cljc:2612 cljs.analyzer$analyze.invokeStatic[39m
[34m          analyzer.cljc:2599 cljs.analyzer$analyze.invoke[39m
[34m          analyzer.cljc:2607 cljs.analyzer$analyze.invokeStatic[39m
[34m          analyzer.cljc:2599 cljs.analyzer$analyze.invoke[39m
[34m          analyzer.cljc:2606 cljs.analyzer$analyze.invokeStatic[39m
[34m          analyzer.cljc:2599 cljs.analyzer$analyze.invoke[39m
[34m          analyzer.cljc:2171 cljs.analyzer$analyze_js_star_STAR_$fn__1902.invoke[39m
[35m               core.clj:2646 clojure.core/map[fn][39m
[36m             LazySeq.java:40 clojure.lang.LazySeq.sval[39m
[36m             LazySeq.java:49 clojure.lang.LazySeq.seq[39m
[36m                Cons.java:39 clojure.lang.Cons.next[39m
[36m    PersistentVector.java:73 clojure.lang.PersistentVector.create[39m
[36mLazilyPersistentVector.java:44 clojure.lang.LazilyPersistentVector.create[39m
[35m                core.clj:377 clojure.core/vec[39m
[35m                core.clj:367 clojure.core/vec[39m
[34m          analyzer.cljc:2171 cljs.analyzer$analyze_js_star_STAR_.invokeStatic[39m
[34m          analyzer.cljc:2169 cljs.analyzer$analyze_js_star_STAR_.invoke[39m
[34m          analyzer.cljc:2194 cljs.analyzer$analyze_js_star.invokeStatic[39m
[34m          analyzer.cljc:2193 cljs.analyzer$analyze_js_star.invoke[39m
[34m          analyzer.cljc:2201 cljs.analyzer$eval1908$fn__1910.invoke[39m
[36m            MultiFn.java:251 clojure.lang.MultiFn.invoke[39m
[34m          analyzer.cljc:2410 cljs.analyzer$analyze_seq_STAR_.invokeStatic[39m
[34m          analyzer.cljc:2408 cljs.analyzer$analyze_seq_STAR_.invoke[39m
[34m          analyzer.cljc:2415 cljs.analyzer$analyze_seq_STAR__wrap.invokeStatic[39m
[34m          analyzer.cljc:2413 cljs.analyzer$analyze_seq_STAR__wrap.invoke[39m
[34m          analyzer.cljc:2436 cljs.analyzer$analyze_seq.invokeStatic[39m
[34m          analyzer.cljc:2417 cljs.analyzer$analyze_seq.invoke[39m
[34m          analyzer.cljc:2549 cljs.analyzer$analyze_form.invokeStatic[39m
[34m          analyzer.cljc:2545 cljs.analyzer$analyze_form.invoke[39m
[34m          analyzer.cljc:2596 cljs.analyzer$analyze_STAR_.invokeStatic[39m
[34m          analyzer.cljc:2587 cljs.analyzer$analyze_STAR_.invoke[39m
[34m          analyzer.cljc:2612 cljs.analyzer$analyze.invokeStatic[39m
[34m          analyzer.cljc:2599 cljs.analyzer$analyze.invoke[39m
[34m          analyzer.cljc:2437 cljs.analyzer$analyze_seq.invokeStatic[39m
[34m          analyzer.cljc:2417 cljs.analyzer$analyze_seq.invoke[39m
[34m          analyzer.cljc:2549 cljs.analyzer$analyze_form.invokeStatic[39m
[34m          analyzer.cljc:2545 cljs.analyzer$analyze_form.invoke[39m
[34m          analyzer.cljc:2596 cljs.analyzer$analyze_STAR_.invokeStatic[39m
[34m          analyzer.cljc:2587 cljs.analyzer$analyze_STAR_.invoke[39m
[34m          analyzer.cljc:2612 cljs.analyzer$analyze.invokeStatic[39m
[34m          analyzer.cljc:2599 cljs.analyzer$analyze.invoke[39m
[34m          analyzer.cljc:2607 cljs.analyzer$analyze.invokeStatic[39m
[34m          analyzer.cljc:2599 cljs.analyzer$analyze.invoke[39m
[34m          analyzer.cljc:2606 cljs.analyzer$analyze.invokeStatic[39m
[34m          analyzer.cljc:2599 cljs.analyzer$analyze.invoke[39m
[34m          analyzer.cljc:1400 cljs.analyzer$analyze_do_statements_STAR_$fn__1570.invoke[39m
[35m               core.clj:2644 clojure.core/map[fn][39m
[36m             LazySeq.java:40 clojure.lang.LazySeq.sval[39m
[36m             LazySeq.java:49 clojure.lang.LazySeq.seq[39m
[36m                 RT.java:521 clojure.lang.RT.seq[39m
[35m                core.clj:137 clojure.core/seq[39m
[35m                core.clj:137 clojure.core/seq[39m
[34m          analyzer.cljc:1400 cljs.analyzer$analyze_do_statements_STAR_.invokeStatic[39m
[34m          analyzer.cljc:1399 cljs.analyzer$analyze_do_statements_STAR_.invoke[39m
[34m          analyzer.cljc:1403 cljs.analyzer$analyze_do_statements.invokeStatic[39m
[34m          analyzer.cljc:1402 cljs.analyzer$analyze_do_statements.invoke[39m
[34m          analyzer.cljc:1407 cljs.analyzer$eval1574$fn__1576.invoke[39m
[36m            MultiFn.java:251 clojure.lang.MultiFn.invoke[39m
[34m          analyzer.cljc:2410 cljs.analyzer$analyze_seq_STAR_.invokeStatic[39m
[34m          analyzer.cljc:2408 cljs.analyzer$analyze_seq_STAR_.invoke[39m
[34m          analyzer.cljc:2415 cljs.analyzer$analyze_seq_STAR__wrap.invokeStatic[39m
[34m          analyzer.cljc:2413 cljs.analyzer$analyze_seq_STAR__wrap.invoke[39m
[34m          analyzer.cljc:2436 cljs.analyzer$analyze_seq.invokeStatic[39m
[34m          analyzer.cljc:2417 cljs.analyzer$analyze_seq.invoke[39m
[34m          analyzer.cljc:2549 cljs.analyzer$analyze_form.invokeStatic[39m
[34m          analyzer.cljc:2545 cljs.analyzer$analyze_form.invoke[39m
[34m          analyzer.cljc:2596 cljs.analyzer$analyze_STAR_.invokeStatic[39m
[34m          analyzer.cljc:2587 cljs.analyzer$analyze_STAR_.invoke[39m
[34m          analyzer.cljc:2612 cljs.analyzer$analyze.invokeStatic[39m
[34m          analyzer.cljc:2599 cljs.analyzer$analyze.invoke[39m
[34m          analyzer.cljc:2607 cljs.analyzer$analyze.invokeStatic[39m
[34m          analyzer.cljc:2599 cljs.analyzer$analyze.invoke[39m
[34m          analyzer.cljc:2606 cljs.analyzer$analyze.invokeStatic[39m
[34m          analyzer.cljc:2599 cljs.analyzer$analyze.invoke[39m
[34m          analyzer.cljc:1486 cljs.analyzer$analyze_let_body_STAR_.invokeStatic[39m
[34m          analyzer.cljc:1485 cljs.analyzer$analyze_let_body_STAR_.invoke[39m
[34m          analyzer.cljc:1491 cljs.analyzer$analyze_let_body.invokeStatic[39m
[34m          analyzer.cljc:1488 cljs.analyzer$analyze_let_body.invoke[39m
[34m          analyzer.cljc:1507 cljs.analyzer$analyze_let.invokeStatic[39m
[34m          analyzer.cljc:1493 cljs.analyzer$analyze_let.invoke[39m
[34m          analyzer.cljc:1519 cljs.analyzer$eval1593$fn__1594.invoke[39m
[36m            MultiFn.java:251 clojure.lang.MultiFn.invoke[39m
[34m          analyzer.cljc:2410 cljs.analyzer$analyze_seq_STAR_.invokeStatic[39m
[34m          analyzer.cljc:2408 cljs.analyzer$analyze_seq_STAR_.invoke[39m
[34m          analyzer.cljc:2415 cljs.analyzer$analyze_seq_STAR__wrap.invokeStatic[39m
[34m          analyzer.cljc:2413 cljs.analyzer$analyze_seq_STAR__wrap.invoke[39m
[34m          analyzer.cljc:2436 cljs.analyzer$analyze_seq.invokeStatic[39m
[34m          analyzer.cljc:2417 cljs.analyzer$analyze_seq.invoke[39m
[34m          analyzer.cljc:2549 cljs.analyzer$analyze_form.invokeStatic[39m
[34m          analyzer.cljc:2545 cljs.analyzer$analyze_form.invoke[39m
[34m          analyzer.cljc:2596 cljs.analyzer$analyze_STAR_.invokeStatic[39m
[34m          analyzer.cljc:2587 cljs.analyzer$analyze_STAR_.invoke[39m
[34m          analyzer.cljc:2612 cljs.analyzer$analyze.invokeStatic[39m
[34m          analyzer.cljc:2599 cljs.analyzer$analyze.invoke[39m
[34m          analyzer.cljc:2437 cljs.analyzer$analyze_seq.invokeStatic[39m
[34m          analyzer.cljc:2417 cljs.analyzer$analyze_seq.invoke[39m
[34m          analyzer.cljc:2549 cljs.analyzer$analyze_form.invokeStatic[39m
[34m          analyzer.cljc:2545 cljs.analyzer$analyze_form.invoke[39m
[34m          analyzer.cljc:2596 cljs.analyzer$analyze_STAR_.invokeStatic[39m
[34m          analyzer.cljc:2587 cljs.analyzer$analyze_STAR_.invoke[39m
[34m          analyzer.cljc:2612 cljs.analyzer$analyze.invokeStatic[39m
[34m          analyzer.cljc:2599 cljs.analyzer$analyze.invoke[39m
[34m          analyzer.cljc:2437 cljs.analyzer$analyze_seq.invokeStatic[39m
[34m          analyzer.cljc:2417 cljs.analyzer$analyze_seq.invoke[39m
[34m          analyzer.cljc:2549 cljs.analyzer$analyze_form.invokeStatic[39m
[34m          analyzer.cljc:2545 cljs.analyzer$analyze_form.invoke[39m
[34m          analyzer.cljc:2596 cljs.analyzer$analyze_STAR_.invokeStatic[39m
[34m          analyzer.cljc:2587 cljs.analyzer$analyze_STAR_.invoke[39m
[34m          analyzer.cljc:2612 cljs.analyzer$analyze.invokeStatic[39m
[34m          analyzer.cljc:2599 cljs.analyzer$analyze.invoke[39m
[34m          analyzer.cljc:2607 cljs.analyzer$analyze.invokeStatic[39m
[34m          analyzer.cljc:2599 cljs.analyzer$analyze.invoke[39m
[34m          analyzer.cljc:2606 cljs.analyzer$analyze.invokeStatic[39m
[34m          analyzer.cljc:2599 cljs.analyzer$analyze.invoke[39m
[34m          analyzer.cljc:1409 cljs.analyzer$eval1574$fn__1576.invoke[39m
[36m            MultiFn.java:251 clojure.lang.MultiFn.invoke[39m
[34m          analyzer.cljc:2410 cljs.analyzer$analyze_seq_STAR_.invokeStatic[39m
[34m          analyzer.cljc:2408 cljs.analyzer$analyze_seq_STAR_.invoke[39m
[34m          analyzer.cljc:2415 cljs.analyzer$analyze_seq_STAR__wrap.invokeStatic[39m
[34m          analyzer.cljc:2413 cljs.analyzer$analyze_seq_STAR__wrap.invoke[39m
[34m          analyzer.cljc:2436 cljs.analyzer$analyze_seq.invokeStatic[39m
[34m          analyzer.cljc:2417 cljs.analyzer$analyze_seq.invoke[39m
[34m          analyzer.cljc:2549 cljs.analyzer$analyze_form.invokeStatic[39m
[34m          analyzer.cljc:2545 cljs.analyzer$analyze_form.invoke[39m
[34m          analyzer.cljc:2596 cljs.analyzer$analyze_STAR_.invokeStatic[39m
[34m          analyzer.cljc:2587 cljs.analyzer$analyze_STAR_.invoke[39m
[34m          analyzer.cljc:2612 cljs.analyzer$analyze.invokeStatic[39m
[34m          analyzer.cljc:2599 cljs.analyzer$analyze.invoke[39m
[34m          analyzer.cljc:2607 cljs.analyzer$analyze.invokeStatic[39m
[34m          analyzer.cljc:2599 cljs.analyzer$analyze.invoke[39m
[34m          analyzer.cljc:2606 cljs.analyzer$analyze.invokeStatic[39m
[34m          analyzer.cljc:2599 cljs.analyzer$analyze.invoke[39m
[34m          analyzer.cljc:1228 cljs.analyzer$analyze_fn_method_body.invokeStatic[39m
[34m          analyzer.cljc:1226 cljs.analyzer$analyze_fn_method_body.invoke[39m
[34m          analyzer.cljc:1246 cljs.analyzer$analyze_fn_method.invokeStatic[39m
[34m          analyzer.cljc:1230 cljs.analyzer$analyze_fn_method.invoke[39m
[34m          analyzer.cljc:1310 cljs.analyzer$eval1535$fn__1537$fn__1540.invoke[39m
[35m               core.clj:2646 clojure.core/map[fn][39m
[36m             LazySeq.java:40 clojure.lang.LazySeq.sval[39m
[36m             LazySeq.java:49 clojure.lang.LazySeq.seq[39m
[36m                 RT.java:521 clojure.lang.RT.seq[39m
[35m                core.clj:137 clojure.core/seq[39m
[35m               core.clj:2637 clojure.core/map[fn][39m
[36m             LazySeq.java:40 clojure.lang.LazySeq.sval[39m
[36m             LazySeq.java:49 clojure.lang.LazySeq.seq[39m
[36m                 RT.java:521 clojure.lang.RT.seq[39m
[35m                core.clj:137 clojure.core/seq[39m
[35m                core.clj:641 clojure.core/apply[39m
[35m                core.clj:641 clojure.core/apply[39m
[34m          analyzer.cljc:1311 cljs.analyzer$eval1535$fn__1537.invoke[39m
[36m            MultiFn.java:251 clojure.lang.MultiFn.invoke[39m
[34m          analyzer.cljc:2410 cljs.analyzer$analyze_seq_STAR_.invokeStatic[39m
[34m          analyzer.cljc:2408 cljs.analyzer$analyze_seq_STAR_.invoke[39m
[34m          analyzer.cljc:2415 cljs.analyzer$analyze_seq_STAR__wrap.invokeStatic[39m
[34m          analyzer.cljc:2413 cljs.analyzer$analyze_seq_STAR__wrap.invoke[39m
[34m          analyzer.cljc:2436 cljs.analyzer$analyze_seq.invokeStatic[39m
[34m          analyzer.cljc:2417 cljs.analyzer$analyze_seq.invoke[39m
[34m          analyzer.cljc:2549 cljs.analyzer$analyze_form.invokeStatic[39m
[34m          analyzer.cljc:2545 cljs.analyzer$analyze_form.invoke[39m
[34m          analyzer.cljc:2596 cljs.analyzer$analyze_STAR_.invokeStatic[39m
[34m          analyzer.cljc:2587 cljs.analyzer$analyze_STAR_.invoke[39m
[34m          analyzer.cljc:2612 cljs.analyzer$analyze.invokeStatic[39m
[34m          analyzer.cljc:2599 cljs.analyzer$analyze.invoke[39m
[34m          analyzer.cljc:2437 cljs.analyzer$analyze_seq.invokeStatic[39m
[34m          analyzer.cljc:2417 cljs.analyzer$analyze_seq.invoke[39m
[34m          analyzer.cljc:2549 cljs.analyzer$analyze_form.invokeStatic[39m
[34m          analyzer.cljc:2545 cljs.analyzer$analyze_form.invoke[39m
[34m          analyzer.cljc:2596 cljs.analyzer$analyze_STAR_.invokeStatic[39m
[34m          analyzer.cljc:2587 cljs.analyzer$analyze_STAR_.invoke[39m
[34m          analyzer.cljc:2612 cljs.analyzer$analyze.invokeStatic[39m
[34m          analyzer.cljc:2599 cljs.analyzer$analyze.invoke[39m
[34m          analyzer.cljc:2607 cljs.analyzer$analyze.invokeStatic[39m
[34m          analyzer.cljc:2599 cljs.analyzer$analyze.invoke[39m
[34m          analyzer.cljc:2606 cljs.analyzer$analyze.invokeStatic[39m
[34m          analyzer.cljc:2599 cljs.analyzer$analyze.invoke[39m
[34m          analyzer.cljc:2171 cljs.analyzer$analyze_js_star_STAR_$fn__1902.invoke[39m
[35m               core.clj:2644 clojure.core/map[fn][39m
[36m             LazySeq.java:40 clojure.lang.LazySeq.sval[39m
[36m             LazySeq.java:49 clojure.lang.LazySeq.seq[39m
[36m         ChunkedCons.java:59 clojure.lang.ChunkedCons.chunkedNext[39m
[36m         ChunkedCons.java:43 clojure.lang.ChunkedCons.next[39m
[36m    PersistentVector.java:73 clojure.lang.PersistentVector.create[39m
[36mLazilyPersistentVector.java:44 clojure.lang.LazilyPersistentVector.create[39m
[35m                core.clj:377 clojure.core/vec[39m
[35m                core.clj:367 clojure.core/vec[39m
[34m          analyzer.cljc:2171 cljs.analyzer$analyze_js_star_STAR_.invokeStatic[39m
[34m          analyzer.cljc:2169 cljs.analyzer$analyze_js_star_STAR_.invoke[39m
[34m          analyzer.cljc:2194 cljs.analyzer$analyze_js_star.invokeStatic[39m
[34m          analyzer.cljc:2193 cljs.analyzer$analyze_js_star.invoke[39m
[34m          analyzer.cljc:2201 cljs.analyzer$eval1908$fn__1910.invoke[39m
[36m            MultiFn.java:251 clojure.lang.MultiFn.invoke[39m
[34m          analyzer.cljc:2410 cljs.analyzer$analyze_seq_STAR_.invokeStatic[39m
[34m          analyzer.cljc:2408 cljs.analyzer$analyze_seq_STAR_.invoke[39m
[34m          analyzer.cljc:2415 cljs.analyzer$analyze_seq_STAR__wrap.invokeStatic[39m
[34m          analyzer.cljc:2413 cljs.analyzer$analyze_seq_STAR__wrap.invoke[39m
[34m          analyzer.cljc:2436 cljs.analyzer$analyze_seq.invokeStatic[39m
[34m          analyzer.cljc:2417 cljs.analyzer$analyze_seq.invoke[39m
[34m          analyzer.cljc:2549 cljs.analyzer$analyze_form.invokeStatic[39m
[34m          analyzer.cljc:2545 cljs.analyzer$analyze_form.invoke[39m
[34m          analyzer.cljc:2596 cljs.analyzer$analyze_STAR_.invokeStatic[39m
[34m          analyzer.cljc:2587 cljs.analyzer$analyze_STAR_.invoke[39m
[34m          analyzer.cljc:2612 cljs.analyzer$analyze.invokeStatic[39m
[34m          analyzer.cljc:2599 cljs.analyzer$analyze.invoke[39m
[34m          analyzer.cljc:2437 cljs.analyzer$analyze_seq.invokeStatic[39m
[34m          analyzer.cljc:2417 cljs.analyzer$analyze_seq.invoke[39m
[34m          analyzer.cljc:2549 cljs.analyzer$analyze_form.invokeStatic[39m
[34m          analyzer.cljc:2545 cljs.analyzer$analyze_form.invoke[39m
[34m          analyzer.cljc:2596 cljs.analyzer$analyze_STAR_.invokeStatic[39m
[34m          analyzer.cljc:2587 cljs.analyzer$analyze_STAR_.invoke[39m
[34m          analyzer.cljc:2612 cljs.analyzer$analyze.invokeStatic[39m
[34m          analyzer.cljc:2599 cljs.analyzer$analyze.invoke[39m
[34m          analyzer.cljc:2607 cljs.analyzer$analyze.invokeStatic[39m
[34m          analyzer.cljc:2599 cljs.analyzer$analyze.invoke[39m
[34m          analyzer.cljc:1121 cljs.analyzer$eval1488$fn__1489$fn__1492.invoke[39m
[34m          analyzer.cljc:1120 cljs.analyzer$eval1488$fn__1489.invoke[39m
[36m            MultiFn.java:251 clojure.lang.MultiFn.invoke[39m
[34m          analyzer.cljc:2410 cljs.analyzer$analyze_seq_STAR_.invokeStatic[39m
[34m          analyzer.cljc:2408 cljs.analyzer$analyze_seq_STAR_.invoke[39m
[34m          analyzer.cljc:2415 cljs.analyzer$analyze_seq_STAR__wrap.invokeStatic[39m
[34m          analyzer.cljc:2413 cljs.analyzer$analyze_seq_STAR__wrap.invoke[39m
[34m          analyzer.cljc:2436 cljs.analyzer$analyze_seq.invokeStatic[39m
[34m          analyzer.cljc:2417 cljs.analyzer$analyze_seq.invoke[39m
[34m          analyzer.cljc:2549 cljs.analyzer$analyze_form.invokeStatic[39m
[34m          analyzer.cljc:2545 cljs.analyzer$analyze_form.invoke[39m
[34m          analyzer.cljc:2596 cljs.analyzer$analyze_STAR_.invokeStatic[39m
[34m          analyzer.cljc:2587 cljs.analyzer$analyze_STAR_.invoke[39m
[34m          analyzer.cljc:2612 cljs.analyzer$analyze.invokeStatic[39m
[34m          analyzer.cljc:2599 cljs.analyzer$analyze.invoke[39m
[34m          analyzer.cljc:2607 cljs.analyzer$analyze.invokeStatic[39m
[34m          analyzer.cljc:2599 cljs.analyzer$analyze.invoke[39m
[34m          analyzer.cljc:2606 cljs.analyzer$analyze.invokeStatic[39m
[34m          analyzer.cljc:2599 cljs.analyzer$analyze.invoke[39m
[34m          analyzer.cljc:1400 cljs.analyzer$analyze_do_statements_STAR_$fn__1570.invoke[39m
[35m               core.clj:2644 clojure.core/map[fn][39m
[36m             LazySeq.java:40 clojure.lang.LazySeq.sval[39m
[36m             LazySeq.java:49 clojure.lang.LazySeq.seq[39m
[36m                 RT.java:521 clojure.lang.RT.seq[39m
[35m                core.clj:137 clojure.core/seq[39m
[35m                core.clj:137 clojure.core/seq[39m
[34m          analyzer.cljc:1400 cljs.analyzer$analyze_do_statements_STAR_.invokeStatic[39m
[34m          analyzer.cljc:1399 cljs.analyzer$analyze_do_statements_STAR_.invoke[39m
[34m          analyzer.cljc:1403 cljs.analyzer$analyze_do_statements.invokeStatic[39m
[34m          analyzer.cljc:1402 cljs.analyzer$analyze_do_statements.invoke[39m
[34m          analyzer.cljc:1407 cljs.analyzer$eval1574$fn__1576.invoke[39m
[36m            MultiFn.java:251 clojure.lang.MultiFn.invoke[39m
[34m          analyzer.cljc:2410 cljs.analyzer$analyze_seq_STAR_.invokeStatic[39m
[34m          analyzer.cljc:2408 cljs.analyzer$analyze_seq_STAR_.invoke[39m
[34m          analyzer.cljc:2415 cljs.analyzer$analyze_seq_STAR__wrap.invokeStatic[39m
[34m          analyzer.cljc:2413 cljs.analyzer$analyze_seq_STAR__wrap.invoke[39m
[34m          analyzer.cljc:2436 cljs.analyzer$analyze_seq.invokeStatic[39m
[34m          analyzer.cljc:2417 cljs.analyzer$analyze_seq.invoke[39m
[34m          analyzer.cljc:2549 cljs.analyzer$analyze_form.invokeStatic[39m
[34m          analyzer.cljc:2545 cljs.analyzer$analyze_form.invoke[39m
[34m          analyzer.cljc:2596 cljs.analyzer$analyze_STAR_.invokeStatic[39m
[34m          analyzer.cljc:2587 cljs.analyzer$analyze_STAR_.invoke[39m
[34m          analyzer.cljc:2612 cljs.analyzer$analyze.invokeStatic[39m
[34m          analyzer.cljc:2599 cljs.analyzer$analyze.invoke[39m
[34m          analyzer.cljc:2437 cljs.analyzer$analyze_seq.invokeStatic[39m
[34m          analyzer.cljc:2417 cljs.analyzer$analyze_seq.invoke[39m
[34m          analyzer.cljc:2549 cljs.analyzer$analyze_form.invokeStatic[39m
[34m          analyzer.cljc:2545 cljs.analyzer$analyze_form.invoke[39m
[34m          analyzer.cljc:2596 cljs.analyzer$analyze_STAR_.invokeStatic[39m
[34m          analyzer.cljc:2587 cljs.analyzer$analyze_STAR_.invoke[39m
[34m          analyzer.cljc:2612 cljs.analyzer$analyze.invokeStatic[39m
[34m          analyzer.cljc:2599 cljs.analyzer$analyze.invoke[39m
[34m          compiler.cljc:1237 cljs.compiler$emit_source.invokeStatic[39m
[34m          compiler.cljc:1217 cljs.compiler$emit_source.invoke[39m
[34m          compiler.cljc:1288 cljs.compiler$compile_file_STAR_$fn__3290.invoke[39m
[34m          compiler.cljc:1152 cljs.compiler$with_core_cljs.invokeStatic[39m
[34m          compiler.cljc:1143 cljs.compiler$with_core_cljs.invoke[39m
[34m          compiler.cljc:1277 cljs.compiler$compile_file_STAR_.invokeStatic[39m
[34m          compiler.cljc:1273 cljs.compiler$compile_file_STAR_.invoke[39m
[34m          compiler.cljc:1357 cljs.compiler$compile_file$fn__3313.invoke[39m
Compiling "resources/public/scripts/main.js" from ["src-cljs"]...
